[2026-03-12 14:28:16.447] Controller: Unknown | Action: Unknown | User: Anonymous | Duration: 27ms
[2026-03-12 14:28:16.448] Controller: Auth | Action: GetGoogleId | User: Anonymous | Duration: 60ms
[2026-03-12 14:28:41.067] Controller: Auth | Action: Login | User: Anonymous | Duration: 47ms
[2026-03-12 14:28:41.468] Controller: Unknown | Action: Unknown | User: tamarRotan | Duration: 32ms
[2026-03-12 14:28:41.504] Controller: Unknown | Action: Unknown | User: tamarRotan | Duration: 5ms
[2026-03-12 14:28:41.468] Controller: Jewelry | Action: Get | User: tamarRotan | Duration: 44ms
[2026-03-12 14:28:41.513] Controller: Unknown | Action: Unknown | User: tamarRotan | Duration: 1ms
[2026-03-12 14:28:41.513] Controller: Unknown | Action: Unknown | User: tamarRotan | Duration: 5ms
[2026-03-12 14:28:41.521] Controller: Unknown | Action: Unknown | User: tamarRotan | Duration: 20521ms
[2026-03-12 14:29:02.026] Controller: Jewelry | Action: Create | User: tamarRotan | Duration: 16ms
[2026-03-12 14:29:02.045] Controller: Unknown | Action: Unknown | User: tamarRotan | Duration: 0ms
[2026-03-12 14:29:02.045] Controller: Jewelry | Action: Get | User: tamarRotan | Duration: 2ms
[2026-03-12 14:29:02.049] Controller: Jewelry | Action: Get | User: tamarRotan | Duration: 0ms
[2026-03-12 14:29:05.066] Controller: Jewelry | Action: Create | User: tamarRotan | Duration: 17ms
[2026-03-12 14:29:02.049] Controller: Unknown | Action: Unknown | User: tamarRotan | Duration: 6800ms
[2026-03-12 14:29:08.848] Controller: Jewelry | Action: Create | User: tamarRotan | Duration: 1ms
[2026-03-12 14:29:08.852] Controller: Unknown | Action: Unknown | User: tamarRotan | Duration: 0ms
[2026-03-12 14:29:08.852] Controller: Jewelry | Action: Get | User: tamarRotan | Duration: 0ms
[2026-03-12 14:29:08.855] Controller: Jewelry | Action: Get | User: tamarRotan | Duration: 0ms
[2026-03-12 14:29:11.694] Controller: User | Action: Get | User: tamarRotan | Duration: 6ms
[2026-03-12 14:29:54.562] Controller: User | Action: Create | User: tamarRotan | Duration: 5ms
[2026-03-12 14:29:55.932] Controller: User | Action: Get | User: tamarRotan | Duration: 0ms
[2026-03-12 14:29:59.170] Controller: Jewelry | Action: Get | User: tamarRotan | Duration: 0ms
[2026-03-12 14:29:59.171] Controller: Unknown | Action: Unknown | User: tamarRotan | Duration: 0ms
[2026-03-12 14:29:59.212] Controller: Unknown | Action: Unknown | User: tamarRotan | Duration: 0ms
[2026-03-12 14:29:59.216] Controller: Unknown | Action: Unknown | User: tamarRotan | Duration: 0ms
[2026-03-12 14:29:59.216] Controller: Unknown | Action: Unknown | User: tamarRotan | Duration: 0ms
[2026-03-12 14:30:03.750] Controller: User | Action: Get | User: tamarRotan | Duration: 0ms
[2026-03-12 14:30:07.193] Controller: Unknown | Action: Unknown | User: tamarRotan | Duration: 0ms
[2026-03-12 14:30:07.193] Controller: Jewelry | Action: Get | User: tamarRotan | Duration: 0ms
[2026-03-12 14:30:07.200] Controller: Unknown | Action: Unknown | User: tamarRotan | Duration: 0ms
[2026-03-12 14:30:07.207] Controller: Unknown | Action: Unknown | User: tamarRotan | Duration: 0ms
[2026-03-12 14:30:07.207] Controller: Unknown | Action: Unknown | User: tamarRotan | Duration: 0ms
[2026-03-12 14:29:08.855] Controller: Unknown | Action: Unknown | User: tamarRotan | Duration: 62844ms
[2026-03-12 14:30:12.929] Controller: Jewelry | Action: Create | User: tamarRotan | Duration: 1ms
[2026-03-12 14:29:59.222] Controller: Unknown | Action: Unknown | User: tamarRotan | Duration: 13707ms
[2026-03-12 14:30:07.210] Controller: Unknown | Action: Unknown | User: tamarRotan | Duration: 5719ms
[2026-03-12 14:30:12.937] Controller: Jewelry | Action: Get | User: tamarRotan | Duration: 0ms
[2026-03-12 14:30:30.477] Controller: User | Action: Get | User: tamarRotan | Duration: 0ms
[2026-03-12 14:30:34.503] Controller: Unknown | Action: Unknown | User: tamarRotan | Duration: 0ms
[2026-03-12 14:30:34.504] Controller: Jewelry | Action: Get | User: tamarRotan | Duration: 0ms
[2026-03-12 14:30:34.510] Controller: Unknown | Action: Unknown | User: tamarRotan | Duration: 0ms
[2026-03-12 14:30:34.514] Controller: Unknown | Action: Unknown | User: tamarRotan | Duration: 0ms
[2026-03-12 14:30:34.514] Controller: Unknown | Action: Unknown | User: tamarRotan | Duration: 0ms
[2026-03-12 14:30:46.569] Controller: Unknown | Action: Unknown | User: tamarRotan | Duration: 1ms
[2026-03-12 14:30:46.572] Controller: Jewelry | Action: Get | User: tamarRotan | Duration: 0ms
[2026-03-12 14:30:46.578] Controller: Unknown | Action: Unknown | User: tamarRotan | Duration: 0ms
[2026-03-12 14:30:46.582] Controller: Unknown | Action: Unknown | User: tamarRotan | Duration: 0ms
[2026-03-12 14:30:46.582] Controller: Unknown | Action: Unknown | User: tamarRotan | Duration: 0ms
[2026-03-12 14:30:48.555] Controller: Unknown | Action: Unknown | User: Anonymous | Duration: 0ms
[2026-03-12 14:31:10.160] Controller: Jewelry | Action: Create | User: tamarRotan | Duration: 1ms
[2026-03-12 14:30:34.517] Controller: Unknown | Action: Unknown | User: tamarRotan | Duration: 35644ms
[2026-03-12 14:30:12.937] Controller: Unknown | Action: Unknown | User: tamarRotan | Duration: 57225ms
[2026-03-12 14:30:46.586] Controller: Unknown | Action: Unknown | User: tamarRotan | Duration: 23576ms
[2026-03-12 14:31:10.169] Controller: Jewelry | Action: Get | User: tamarRotan | Duration: 0ms
[2026-03-12 14:31:39.567] Controller: Unknown | Action: Unknown | User: Anonymous | Duration: 0ms
[2026-03-12 14:31:39.585] Controller: Auth | Action: GetGoogleId | User: Anonymous | Duration: 1ms
[2026-03-12 14:32:14.488] Controller: Unknown | Action: Unknown | User: Anonymous | Duration: 0ms
[2026-03-12 14:32:39.265] Controller: Auth | Action: Login | User: Anonymous | Duration: 7ms
[2026-03-12 14:31:10.173] Controller: Unknown | Action: Unknown | User: tamarRotan | Duration: 90014ms
[2026-03-12 14:34:22.798] Controller: Unknown | Action: Unknown | User: Anonymous | Duration: 0ms
[2026-03-12 14:34:22.799] Controller: Auth | Action: GetGoogleId | User: Anonymous | Duration: 0ms
[2026-03-12 14:34:22.869] Controller: Unknown | Action: Unknown | User: Anonymous | Duration: 0ms
[2026-03-12 14:34:23.439] Controller: Unknown | Action: Unknown | User: Anonymous | Duration: 0ms
[2026-03-12 14:34:23.461] Controller: Unknown | Action: Unknown | User: Anonymous | Duration: 0ms
[2026-03-12 14:34:32.468] Controller: Unknown | Action: Unknown | User: Anonymous | Duration: 0ms
[2026-03-12 14:34:32.512] Controller: Auth | Action: GetGoogleId | User: Anonymous | Duration: 0ms
[2026-03-12 14:34:32.552] Controller: Unknown | Action: Unknown | User: Anonymous | Duration: 0ms
[2026-03-12 14:34:39.559] Controller: Auth | Action: Login | User: Anonymous | Duration: 0ms
[2026-03-12 14:34:39.610] Controller: Unknown | Action: Unknown | User: Anonymous | Duration: 0ms
[2026-03-12 14:34:39.633] Controller: Unknown | Action: Unknown | User: tovi | Duration: 0ms
[2026-03-12 14:34:39.634] Controller: Jewelry | Action: Get | User: tovi | Duration: 27ms
[2026-03-12 14:34:39.665] Controller: Unknown | Action: Unknown | User: tovi | Duration: 0ms
[2026-03-12 14:34:39.672] Controller: Unknown | Action: Unknown | User: tovi | Duration: 0ms
[2026-03-12 14:34:39.671] Controller: Unknown | Action: Unknown | User: tovi | Duration: 1ms
[2026-03-12 14:34:39.683] Controller: Unknown | Action: Unknown | User: tovi | Duration: 90008ms
[2026-03-12 14:36:09.812] Controller: Unknown | Action: Unknown | User: tovi | Duration: 90008ms
[2026-03-12 14:37:39.825] Controller: Unknown | Action: Unknown | User: tovi | Duration: 90010ms
[2026-03-12 14:39:09.841] Controller: Unknown | Action: Unknown | User: tovi | Duration: 90002ms
[2026-03-12 14:40:39.846] Controller: Unknown | Action: Unknown | User: tovi | Duration: 90013ms
[2026-03-12 14:42:09.867] Controller: Unknown | Action: Unknown | User: tovi | Duration: 1709ms
[2026-03-12 14:44:09.670] Controller: Unknown | Action: Unknown | User: Anonymous | Duration: 32ms
[2026-03-12 14:44:09.670] Controller: Auth | Action: GetGoogleId | User: Anonymous | Duration: 64ms
[2026-03-12 14:44:18.223] Controller: Auth | Action: Login | User: Anonymous | Duration: 36ms
[2026-03-12 14:44:18.300] Controller: Unknown | Action: Unknown | User: tamarRotan | Duration: 32ms
[2026-03-12 14:44:18.299] Controller: Jewelry | Action: Get | User: tamarRotan | Duration: 60ms
[2026-03-12 14:44:18.356] Controller: Unknown | Action: Unknown | User: tamarRotan | Duration: 8ms
[2026-03-12 14:44:18.367] Controller: Unknown | Action: Unknown | User: tamarRotan | Duration: 2ms
[2026-03-12 14:44:18.367] Controller: Unknown | Action: Unknown | User: tamarRotan | Duration: 8ms
[2026-03-12 14:44:40.373] Controller: User | Action: Get | User: tamarRotan | Duration: 7ms
[2026-03-12 14:45:00.038] Controller: User | Action: Create | User: tamarRotan | Duration: 17ms
[2026-03-12 14:45:01.397] Controller: User | Action: Get | User: tamarRotan | Duration: 0ms
[2026-03-12 14:45:03.650] Controller: Unknown | Action: Unknown | User: tamarRotan | Duration: 0ms
[2026-03-12 14:45:03.653] Controller: Jewelry | Action: Get | User: tamarRotan | Duration: 0ms
[2026-03-12 14:45:03.660] Controller: Unknown | Action: Unknown | User: tamarRotan | Duration: 1ms
[2026-03-12 14:45:03.667] Controller: Unknown | Action: Unknown | User: tamarRotan | Duration: 0ms
[2026-03-12 14:45:03.667] Controller: Unknown | Action: Unknown | User: tamarRotan | Duration: 5ms
[2026-03-12 14:45:03.674] Controller: Unknown | Action: Unknown | User: tamarRotan | Duration: 7312ms
[2026-03-12 14:44:18.382] Controller: Unknown | Action: Unknown | User: tamarRotan | Duration: 52604ms
[2026-03-12 14:45:10.972] Controller: Jewelry | Action: Create | User: tamarRotan | Duration: 14ms
[2026-03-12 14:45:10.995] Controller: Jewelry | Action: Get | User: tamarRotan | Duration: 0ms
[2026-03-12 14:45:18.524] Controller: Jewelry | Action: Create | User: tamarRotan | Duration: 2ms
[2026-03-12 14:45:10.995] Controller: Unknown | Action: Unknown | User: tamarRotan | Duration: 7531ms
[2026-03-12 14:45:18.543] Controller: Jewelry | Action: Get | User: tamarRotan | Duration: 0ms
[2026-03-12 14:45:52.844] Controller: Jewelry | Action: Create | User: tamarRotan | Duration: 1ms
[2026-03-12 14:45:18.543] Controller: Unknown | Action: Unknown | User: tamarRotan | Duration: 34303ms
[2026-03-12 14:45:52.860] Controller: Jewelry | Action: Get | User: tamarRotan | Duration: 0ms
[2026-03-12 14:46:02.004] Controller: Jewelry | Action: Create | User: tamarRotan | Duration: 1ms
[2026-03-12 14:45:52.861] Controller: Unknown | Action: Unknown | User: tamarRotan | Duration: 9144ms
[2026-03-12 14:46:02.020] Controller: Jewelry | Action: Get | User: tamarRotan | Duration: 0ms
[2026-03-12 14:46:02.022] Controller: Jewelry | Action: Get | User: tamarRotan | Duration: 0ms
[2026-03-12 14:46:04.764] Controller: User | Action: Get | User: tamarRotan | Duration: 0ms
[2026-03-12 14:46:33.020] Controller: User | Action: Create | User: tamarRotan | Duration: 1ms
[2026-03-12 14:46:34.525] Controller: User | Action: Get | User: tamarRotan | Duration: 0ms
[2026-03-12 14:46:37.483] Controller: Unknown | Action: Unknown | User: tamarRotan | Duration: 0ms
[2026-03-12 14:46:37.486] Controller: Jewelry | Action: Get | User: tamarRotan | Duration: 0ms
[2026-03-12 14:46:37.495] Controller: Unknown | Action: Unknown | User: tamarRotan | Duration: 0ms
[2026-03-12 14:46:37.498] Controller: Unknown | Action: Unknown | User: tamarRotan | Duration: 0ms
[2026-03-12 14:46:37.498] Controller: Unknown | Action: Unknown | User: tamarRotan | Duration: 1ms
[2026-03-12 14:46:51.278] Controller: Jewelry | Action: Create | User: tamarRotan | Duration: 5ms
[2026-03-12 14:46:02.020] Controller: Unknown | Action: Unknown | User: tamarRotan | Duration: 49263ms
[2026-03-12 14:46:37.504] Controller: Unknown | Action: Unknown | User: tamarRotan | Duration: 13780ms
[2026-03-12 14:46:51.292] Controller: Jewelry | Action: Get | User: tamarRotan | Duration: 0ms
[2026-03-12 14:47:00.043] Controller: Jewelry | Action: Create | User: tamarRotan | Duration: 1ms
[2026-03-12 14:46:51.291] Controller: Unknown | Action: Unknown | User: tamarRotan | Duration: 8754ms
[2026-03-12 14:47:00.059] Controller: Jewelry | Action: Get | User: tamarRotan | Duration: 0ms
[2026-03-12 14:47:08.189] Controller: User | Action: Get | User: tamarRotan | Duration: 0ms
[2026-03-12 14:47:33.564] Controller: User | Action: Update | User: tamarRotan | Duration: 7ms
[2026-03-12 14:47:33.575] Controller: User | Action: Get | User: tamarRotan | Duration: 0ms
[2026-03-12 14:47:37.736] Controller: Unknown | Action: Unknown | User: tamarRotan | Duration: 0ms
[2026-03-12 14:47:37.737] Controller: Jewelry | Action: Get | User: tamarRotan | Duration: 0ms
[2026-03-12 14:47:37.743] Controller: Unknown | Action: Unknown | User: tamarRotan | Duration: 0ms
[2026-03-12 14:47:37.746] Controller: Unknown | Action: Unknown | User: tamarRotan | Duration: 0ms
[2026-03-12 14:47:37.746] Controller: Unknown | Action: Unknown | User: tamarRotan | Duration: 0ms
[2026-03-12 14:47:39.750] Controller: Auth | Action: GetGoogleId | User: Anonymous | Duration: 11ms
[2026-03-12 14:47:57.563] Controller: Auth | Action: Login | User: Anonymous | Duration: 0ms
[2026-03-12 14:47:57.614] Controller: Unknown | Action: Unknown | User: chani | Duration: 0ms
[2026-03-12 14:47:57.615] Controller: Jewelry | Action: Get | User: chani | Duration: 0ms
[2026-03-12 14:47:57.618] Controller: Unknown | Action: Unknown | User: chani | Duration: 0ms
[2026-03-12 14:47:57.621] Controller: Unknown | Action: Unknown | User: chani | Duration: 0ms
[2026-03-12 14:47:57.621] Controller: Unknown | Action: Unknown | User: chani | Duration: 0ms
[2026-03-12 14:48:00.050] Controller: User | Action: Get | User: chani | Duration: 0ms
[2026-03-12 14:48:06.205] Controller: Jewelry | Action: Get | User: chani | Duration: 0ms
[2026-03-12 14:48:06.206] Controller: Unknown | Action: Unknown | User: chani | Duration: 0ms
[2026-03-12 14:48:06.214] Controller: Unknown | Action: Unknown | User: chani | Duration: 0ms
[2026-03-12 14:48:06.217] Controller: Unknown | Action: Unknown | User: chani | Duration: 0ms
[2026-03-12 14:48:06.218] Controller: Unknown | Action: Unknown | User: chani | Duration: 0ms
[2026-03-12 14:47:00.059] Controller: Unknown | Action: Unknown | User: tamarRotan | Duration: 68117ms
[2026-03-12 14:48:23.744] Controller: Jewelry | Action: Delete | User: chani | Duration: 9ms
[2026-03-12 14:47:37.750] Controller: Unknown | Action: Unknown | User: tamarRotan | Duration: 46004ms
[2026-03-12 14:48:06.221] Controller: Unknown | Action: Unknown | User: chani | Duration: 17533ms
[2026-03-12 14:47:57.624] Controller: Unknown | Action: Unknown | User: chani | Duration: 26129ms
[2026-03-12 14:48:23.761] Controller: Jewelry | Action: Get | User: chani | Duration: 0ms
[2026-03-12 14:48:24.707] Controller: Jewelry | Action: Delete | User: chani | Duration: 2ms
[2026-03-12 14:48:23.761] Controller: Unknown | Action: Unknown | User: chani | Duration: 948ms
[2026-03-12 14:48:24.713] Controller: Jewelry | Action: Get | User: chani | Duration: 0ms
[2026-03-12 14:48:25.971] Controller: Jewelry | Action: Delete | User: chani | Duration: 1ms
[2026-03-12 14:48:24.713] Controller: Unknown | Action: Unknown | User: chani | Duration: 1259ms
[2026-03-12 14:48:25.976] Controller: Jewelry | Action: Get | User: chani | Duration: 0ms
[2026-03-12 14:48:32.379] Controller: Jewelry | Action: Delete | User: chani | Duration: 0ms
[2026-03-12 14:48:25.976] Controller: Unknown | Action: Unknown | User: chani | Duration: 6404ms
[2026-03-12 14:48:32.384] Controller: Jewelry | Action: Get | User: chani | Duration: 0ms
[2026-03-12 14:48:32.386] Controller: Jewelry | Action: Get | User: chani | Duration: 0ms
[2026-03-12 14:48:32.384] Controller: Unknown | Action: Unknown | User: chani | Duration: 36458ms
[2026-03-12 14:49:08.853] Controller: Unknown | Action: Unknown | User: chani | Duration: 0ms
[2026-03-12 14:49:08.854] Controller: Jewelry | Action: Get | User: chani | Duration: 0ms
[2026-03-12 14:49:08.860] Controller: Unknown | Action: Unknown | User: chani | Duration: 0ms
[2026-03-12 14:49:08.867] Controller: Unknown | Action: Unknown | User: chani | Duration: 0ms
[2026-03-12 14:49:08.868] Controller: Unknown | Action: Unknown | User: chani | Duration: 0ms
[2026-03-12 14:49:08.871] Controller: Unknown | Action: Unknown | User: chani | Duration: 76544ms
